<?xml version="1.0" encoding="UTF-8"?>
<!-- Generated by org.testng.reporters.JUnitXMLReporter -->
<testsuite ignored="0" hostname="DESKTOP-9QG1D7K" failures="1" tests="1" name="Test(failed)" time="0.114" errors="0" timestamp="2024-09-05T08:13:18 IST">
  <testcase classname="TestCases.TC001_RegisterationofAccount" name="Validation_of_Regestraion" time="0.028">
    <failure type="java.lang.NullPointerException" message="Cannot invoke &amp;quot;org.apache.logging.log4j.Logger.info(String)&amp;quot; because &amp;quot;this.log&amp;quot; is null">
      <![CDATA[java.lang.NullPointerException: Cannot invoke "org.apache.logging.log4j.Logger.info(String)" because "this.log" is null
at TestCases.TC001_RegisterationofAccount.Validation_of_Regestraion(TC001_RegisterationofAccount.java:15)
at java.base/java.util.ArrayList.forEach(ArrayList.java:1597)
... Removed 25 stack frames]]>
    </failure>
  </testcase> <!-- Validation_of_Regestraion -->
</testsuite> <!-- Test(failed) -->
