<?xml version="1.0" encoding="UTF-8"?>
<testng-results ignored="0" total="1" passed="1" failed="0" skipped="0">
  <reporter-output>
  </reporter-output>
  <suite started-at="2025-04-25T22:25:47 IST" name="Suite" finished-at="2025-04-25T22:26:32 IST" duration-ms="44470">
    <groups>
      <group name="Master">
        <method signature="TC005_AddWishList.Func_WishList()[pri:0, instance:TestCases.TC005_AddWishList@6a2f6f80]" name="Func_WishList" class="TestCases.TC005_AddWishList"/>
      </group> <!-- Master -->
    </groups>
    <test started-at="2025-04-25T22:25:47 IST" name="Test" finished-at="2025-04-25T22:26:32 IST" duration-ms="44470">
      <class name="TestCases.TC005_AddWishList">
        <test-method is-config="true" signature="setup(java.lang.String,java.lang.String)[pri:0, instance:TestCases.TC005_AddWishList@6a2f6f80]" started-at="2025-04-25T22:25:48 IST" name="setup" finished-at="2025-04-25T22:26:27 IST" duration-ms="39799" status="PASS">
          <params>
            <param index="0">
              <value>
                <![CDATA[Windows]]>
              </value>
            </param>
            <param index="1">
              <value>
                <![CDATA[chrome]]>
              </value>
            </param>
          </params>
          <reporter-output>
          </reporter-output>
        </test-method> <!-- setup -->
        <test-method signature="Func_WishList()[pri:0, instance:TestCases.TC005_AddWishList@6a2f6f80]" started-at="2025-04-25T22:26:27 IST" name="Func_WishList" finished-at="2025-04-25T22:26:31 IST" duration-ms="3897" status="PASS">
          <reporter-output>
          </reporter-output>
        </test-method> <!-- Func_WishList -->
        <test-method is-config="true" signature="tearDown()[pri:0, instance:TestCases.TC005_AddWishList@6a2f6f80]" started-at="2025-04-25T22:26:31 IST" name="tearDown" finished-at="2025-04-25T22:26:32 IST" duration-ms="275" status="PASS">
          <reporter-output>
          </reporter-output>
        </test-method> <!-- tearDown -->
      </class> <!-- TestCases.TC005_AddWishList -->
    </test> <!-- Test -->
  </suite> <!-- Suite -->
</testng-results>
