<?xml version="1.0" encoding="UTF-8"?>
<testng-results ignored="0" total="2" passed="2" failed="0" skipped="0">
  <reporter-output>
  </reporter-output>
  <suite started-at="2024-09-14T12:14:11 IST" name="Suite" finished-at="2024-09-14T12:14:22 IST" duration-ms="11097">
    <groups>
      <group name="Master">
        <method signature="TC001_RegisterationofAccount.Validation_of_Regestraion()[pri:0, instance:TestCases.TC001_RegisterationofAccount@5965d37]" name="Validation_of_Regestraion" class="TestCases.TC001_RegisterationofAccount"/>
        <method signature="TC002_LoginofAccount.ValitationofLogin()[pri:0, instance:TestCases.TC002_LoginofAccount@3de8f619]" name="ValitationofLogin" class="TestCases.TC002_LoginofAccount"/>
      </group> <!-- Master -->
      <group name="Sanity">
        <method signature="TC002_LoginofAccount.ValitationofLogin()[pri:0, instance:TestCases.TC002_LoginofAccount@3de8f619]" name="ValitationofLogin" class="TestCases.TC002_LoginofAccount"/>
      </group> <!-- Sanity -->
      <group name="Regression">
        <method signature="TC001_RegisterationofAccount.Validation_of_Regestraion()[pri:0, instance:TestCases.TC001_RegisterationofAccount@5965d37]" name="Validation_of_Regestraion" class="TestCases.TC001_RegisterationofAccount"/>
      </group> <!-- Regression -->
    </groups>
    <test started-at="2024-09-14T12:14:11 IST" name="Test" finished-at="2024-09-14T12:14:22 IST" duration-ms="11097">
      <class name="TestCases.TC001_RegisterationofAccount">
        <test-method is-config="true" signature="setup(java.lang.String,java.lang.String)[pri:0, instance:TestCases.TC001_RegisterationofAccount@5965d37]" started-at="2024-09-14T12:14:12 IST" name="setup" finished-at="2024-09-14T12:14:16 IST" duration-ms="4301" status="PASS">
          <params>
            <param index="0">
              <value>
                <![CDATA[Windows]]>
              </value>
            </param>
            <param index="1">
              <value>
                <![CDATA[Chrome]]>
              </value>
            </param>
          </params>
          <reporter-output>
          </reporter-output>
        </test-method> <!-- setup -->
        <test-method signature="Validation_of_Regestraion()[pri:0, instance:TestCases.TC001_RegisterationofAccount@5965d37]" started-at="2024-09-14T12:14:16 IST" name="Validation_of_Regestraion" finished-at="2024-09-14T12:14:18 IST" duration-ms="2491" status="PASS">
          <reporter-output>
          </reporter-output>
        </test-method> <!-- Validation_of_Regestraion -->
        <test-method is-config="true" signature="tearDown()[pri:0, instance:TestCases.TC001_RegisterationofAccount@5965d37]" started-at="2024-09-14T12:14:18 IST" name="tearDown" finished-at="2024-09-14T12:14:18 IST" duration-ms="162" status="PASS">
          <reporter-output>
          </reporter-output>
        </test-method> <!-- tearDown -->
      </class> <!-- TestCases.TC001_RegisterationofAccount -->
      <class name="TestCases.TC002_LoginofAccount">
        <test-method is-config="true" signature="setup(java.lang.String,java.lang.String)[pri:0, instance:TestCases.TC002_LoginofAccount@3de8f619]" started-at="2024-09-14T12:14:18 IST" name="setup" finished-at="2024-09-14T12:14:21 IST" duration-ms="2320" status="PASS">
          <params>
            <param index="0">
              <value>
                <![CDATA[Windows]]>
              </value>
            </param>
            <param index="1">
              <value>
                <![CDATA[Chrome]]>
              </value>
            </param>
          </params>
          <reporter-output>
          </reporter-output>
        </test-method> <!-- setup -->
        <test-method signature="ValitationofLogin()[pri:0, instance:TestCases.TC002_LoginofAccount@3de8f619]" started-at="2024-09-14T12:14:21 IST" name="ValitationofLogin" finished-at="2024-09-14T12:14:22 IST" duration-ms="1292" status="PASS">
          <reporter-output>
          </reporter-output>
        </test-method> <!-- ValitationofLogin -->
        <test-method is-config="true" signature="tearDown()[pri:0, instance:TestCases.TC002_LoginofAccount@3de8f619]" started-at="2024-09-14T12:14:22 IST" name="tearDown" finished-at="2024-09-14T12:14:22 IST" duration-ms="141" status="PASS">
          <reporter-output>
          </reporter-output>
        </test-method> <!-- tearDown -->
      </class> <!-- TestCases.TC002_LoginofAccount -->
    </test> <!-- Test -->
  </suite> <!-- Suite -->
</testng-results>
